time="2026-03-09T01:50:01+05:30" level=warning msg="C:\\Users\\Dhairya Limbani\\OneDrive\\Documents\\Hostingsignal\\deployment\\docker-compose.yml: the attribute `version` is obsolete, it will be ignored, please remove it to avoid potential confusion"
#1 [internal] load local bake definitions
#1 reading from stdin 1.11kB done
#1 DONE 0.0s

#2 [internal] load build definition from Dockerfile
#2 DONE 0.0s

#2 [internal] load build definition from Dockerfile
#2 transferring dockerfile: 563B 0.0s done
#2 DONE 0.0s

#3 [internal] load metadata for docker.io/library/node:20-alpine
#3 DONE 1.0s

#4 [internal] load .dockerignore
#4 transferring context: 2B done
#4 DONE 0.0s

#5 [builder 1/6] FROM docker.io/library/node:20-alpine@sha256:b88333c42c23fbd91596ebd7fd10de239cedab9617de04142dde7315e3bc0afa
#5 resolve docker.io/library/node:20-alpine@sha256:b88333c42c23fbd91596ebd7fd10de239cedab9617de04142dde7315e3bc0afa 0.0s done
#5 DONE 0.0s

#6 [builder 2/6] WORKDIR /app
#6 CACHED

#7 [internal] load build context
#7 transferring context: 2.04MB 1.0s done
#7 DONE 1.1s

#8 [builder 3/6] COPY package*.json ./
#8 CACHED

#9 [builder 4/6] RUN npm ci
#9 CACHED

#10 [builder 5/6] COPY . .
#10 CACHED

#11 [builder 6/6] RUN npm run build
#11 CACHED

#12 [runner 3/5] COPY --from=builder /app/.next/standalone ./
#12 ERROR: failed to calculate checksum of ref 9ns8lustoe60wpmuuhulinzxw::nfh6l4estopqfhuk1uhq40sic: "/app/.next/standalone": not found
------
 > [runner 3/5] COPY --from=builder /app/.next/standalone ./:
------
Dockerfile:19

--------------------

  17 |     ENV PORT=3000

  18 |     

  19 | >>> COPY --from=builder /app/.next/standalone ./

  20 |     COPY --from=builder /app/.next/static ./.next/static

  21 |     COPY --from=builder /app/public ./public

--------------------

failed to solve: failed to compute cache key: failed to calculate checksum of ref 9ns8lustoe60wpmuuhulinzxw::nfh6l4estopqfhuk1uhq40sic: "/app/.next/standalone": not found

